<?xml version="1.0" encoding="UTF-8"?>
<testng-results ignored="0" total="1" passed="1" failed="0" skipped="0">
  <reporter-output>
  </reporter-output>
  <suite started-at="2022-08-16T21:22:39Z" name="Default suite" finished-at="2022-08-16T21:22:50Z" duration-ms="10249">
    <groups>
      <group name="cucumber">
        <method signature="AbstractTestNGCucumberTests.runScenario(io.cucumber.testng.PickleWrapper, io.cucumber.testng.FeatureWrapper)[pri:0, instance:com.testrunner.TestRunner@1b75c2e3]" name="runScenario" class="io.cucumber.testng.AbstractTestNGCucumberTests"/>
      </group> <!-- cucumber -->
    </groups>
    <test started-at="2022-08-16T21:22:39Z" name="Default test" finished-at="2022-08-16T21:22:50Z" duration-ms="10249">
      <class name="com.testrunner.TestRunner">
        <test-method is-config="true" signature="setUpClass()[pri:0, instance:com.testrunner.TestRunner@1b75c2e3]" started-at="2022-08-16T21:22:39Z" name="setUpClass" finished-at="2022-08-16T21:22:40Z" duration-ms="337" status="PASS">
          <reporter-output>
          </reporter-output>
        </test-method> <!-- setUpClass -->
        <test-method signature="runScenario(io.cucumber.testng.PickleWrapper, io.cucumber.testng.FeatureWrapper)[pri:0, instance:com.testrunner.TestRunner@1b75c2e3]" started-at="2022-08-16T21:22:40Z" name="runScenario" description="Runs Cucumber Scenarios" data-provider="scenarios" finished-at="2022-08-16T21:22:49Z" duration-ms="9864" status="PASS">
          <params>
            <param index="0">
              <value>
                <![CDATA["Find WW Studios nearest location and check Business Hours"]]>
              </value>
            </param>
            <param index="1">
              <value>
                <![CDATA["Optional[WW Studios nearest location finder]"]]>
              </value>
            </param>
          </params>
          <reporter-output>
          </reporter-output>
        </test-method> <!-- runScenario -->
        <test-method is-config="true" signature="tearDownClass()[pri:0, instance:com.testrunner.TestRunner@1b75c2e3]" started-at="2022-08-16T21:22:49Z" name="tearDownClass" finished-at="2022-08-16T21:22:50Z" duration-ms="19" status="PASS">
          <reporter-output>
          </reporter-output>
        </test-method> <!-- tearDownClass -->
      </class> <!-- com.testrunner.TestRunner -->
    </test> <!-- Default test -->
  </suite> <!-- Default suite -->
</testng-results>
